Using pre-set license

 COMMAND LINE ARGUMENTS:
/Users/Mark/Documents/Unity/2020.2.4f1/Unity.app/Contents/MacOS/Unity
-adb2
-batchMode
-noUpm
-name
AssetImportWorker0
-projectPath
/Users/Mark/Desktop/virbela/Exercise1/VirBELA.MarkGreenwald/VerBELA.MarkGreenwald
-logFile
Logs/AssetImportWorker0.log
-srvPort
61878
Successfully changed project path to: /Users/Mark/Desktop/virbela/Exercise1/VirBELA.MarkGreenwald/VerBELA.MarkGreenwald
/Users/Mark/Desktop/virbela/Exercise1/VirBELA.MarkGreenwald/VerBELA.MarkGreenwald
Using Asset Import Pipeline V2.
Refreshing native plugins compatible for Editor in 34.67 ms, found 1 plugins.
Preloading 0 native plugins for Editor in 0.00 ms.
Initialize engine version: 2020.2.4f1 (becced5a802b)
[Subsystems] Discovering subsystems at path /Users/Mark/Documents/Unity/2020.2.4f1/Unity.app/Contents/Resources/UnitySubsystems
[Subsystems] Discovering subsystems at path /Users/Mark/Desktop/virbela/Exercise1/VirBELA.MarkGreenwald/VerBELA.MarkGreenwald/Assets
GfxDevice: creating device client; threaded=0
2021-02-21 11:13:59.443 Unity[12538:806466] iMac preferred device: AMD Radeon R9 M295X (high power)
2021-02-21 11:13:59.444 Unity[12538:806466] Metal devices available: 1
2021-02-21 11:13:59.444 Unity[12538:806466] 0: AMD Radeon R9 M295X (high power)
2021-02-21 11:13:59.444 Unity[12538:806466] Using device AMD Radeon R9 M295X (high power)
Initializing Metal device caps: AMD Radeon R9 M295X
Initialize mono
Mono path[0] = '/Users/Mark/Documents/Unity/2020.2.4f1/Unity.app/Contents/Managed'
Mono path[1] = '/Users/Mark/Documents/Unity/2020.2.4f1/Unity.app/Contents/MonoBleedingEdge/lib/mono/unityjit'
Mono config path = '/Users/Mark/Documents/Unity/2020.2.4f1/Unity.app/Contents/MonoBleedingEdge/etc'
Using monoOptions --debugger-agent=transport=dt_socket,embedding=1,server=y,suspend=n,address=127.0.0.1:56538
Begin MonoManager ReloadAssembly
Registering precompiled unity dll's ...
Register platform support module: /Users/Mark/Documents/Unity/2020.2.4f1/PlaybackEngines/WebGLSupport/UnityEditor.WebGL.Extensions.dll
Register platform support module: /Users/Mark/Documents/Unity/2020.2.4f1/Unity.app/Contents/PlaybackEngines/MacStandaloneSupport/UnityEditor.OSXStandalone.Extensions.dll
Register platform support module: /Users/Mark/Documents/Unity/2020.2.4f1/PlaybackEngines/WindowsStandaloneSupport/UnityEditor.WindowsStandalone.Extensions.dll
Registered in 0.001158 seconds.
Native extension for WindowsStandalone target not found
Native extension for OSXStandalone target not found
Native extension for WebGL target not found
Refreshing native plugins compatible for Editor in 33.60 ms, found 1 plugins.
Preloading 0 native plugins for Editor in 0.00 ms.
Invoked RoslynAnalysisRunner static constructor.
RoslynAnalysisRunner will not be running.
RoslynAnalysisRunner has terminated.
Mono: successfully reloaded assembly
- Completed reload, in  1.490 seconds
Platform modules already initialized, skipping
Registering precompiled user dll's ...
Registered in 0.001201 seconds.
Begin MonoManager ReloadAssembly
Native extension for WindowsStandalone target not found
Native extension for OSXStandalone target not found
Native extension for WebGL target not found
Refreshing native plugins compatible for Editor in 0.32 ms, found 1 plugins.
Preloading 0 native plugins for Editor in 0.00 ms.
Invoked RoslynAnalysisRunner static constructor.
RoslynAnalysisRunner will not be running.
RoslynAnalysisRunner has terminated.
Mono: successfully reloaded assembly
- Completed reload, in  1.045 seconds
Platform modules already initialized, skipping
========================================================================
Worker process is ready to serve import requests
Launching external process: /Users/Mark/Documents/Unity/2020.2.4f1/Unity.app/Contents/Tools/UnityShaderCompiler
Launched and connected shader compiler UnityShaderCompiler after 0.01 seconds
Refreshing native plugins compatible for Editor in 0.32 ms, found 1 plugins.
Preloading 0 native plugins for Editor in 0.00 ms.
Unloading 1645 Unused Serialized files (Serialized files now loaded: 0)
System memory in use before: 130.0 MB.
System memory in use after: 130.0 MB.

Unloading 15 unused Assets to reduce memory usage. Loaded Objects now: 2081.
Total: 2.186095 ms (FindLiveObjects: 0.322219 ms CreateObjectMapping: 0.057993 ms MarkObjects: 1.725125 ms  DeleteObjects: 0.079915 ms)

========================================================================
Received Import Request.
  path: Assets/Common/Prefabs/Player/PlayerPrefab.prefab
  artifactKey: Guid(ceda0e8a83f724919b27a8a09e7ce360) Importer(815301076,1909f56bfc062723c751e8b465ee728b)
Start importing Assets/Common/Prefabs/Player/PlayerPrefab.prefab using Guid(ceda0e8a83f724919b27a8a09e7ce360) Importer(815301076,1909f56bfc062723c751e8b465ee728b)  -> (artifact id: '1d104d5d2cbf8fb239441081e42878a4') in 0.809221 seconds
  Import took 0.812566 seconds .

========================================================================
Received Prepare
Registering precompiled user dll's ...
Registered in 0.001119 seconds.
Begin MonoManager ReloadAssembly
Native extension for WindowsStandalone target not found
Native extension for OSXStandalone target not found
Native extension for WebGL target not found
Refreshing native plugins compatible for Editor in 0.33 ms, found 1 plugins.
Preloading 0 native plugins for Editor in 0.00 ms.
Invoked RoslynAnalysisRunner static constructor.
RoslynAnalysisRunner will not be running.
RoslynAnalysisRunner has terminated.
Mono: successfully reloaded assembly
- Completed reload, in  0.935 seconds
Platform modules already initialized, skipping
Refreshing native plugins compatible for Editor in 0.35 ms, found 1 plugins.
Preloading 0 native plugins for Editor in 0.00 ms.
Unloading 1640 Unused Serialized files (Serialized files now loaded: 0)
System memory in use before: 137.8 MB.
System memory in use after: 137.9 MB.

Unloading 11 unused Assets to reduce memory usage. Loaded Objects now: 2091.
Total: 1.875320 ms (FindLiveObjects: 0.324615 ms CreateObjectMapping: 0.048866 ms MarkObjects: 1.445955 ms  DeleteObjects: 0.054772 ms)

AssetImportWorkerClient::OnTransportError - code=2 error=End of file
